Step: build-step-credential-initializer-87fft:

{"level":"warn","ts":1556096799.9665349,"logger":"fallback-logger","caller":"logging/config.go:65","msg":"Fetch GitHub commit ID from kodata failed: \"ref: refs/heads/backport-container-name-fix\" is not a valid GitHub commit ID"}
{"level":"info","ts":1556096799.9682357,"logger":"fallback-logger","caller":"creds-init/main.go:40","msg":"Credentials initialized."}
Step: build-step-git-source-lbaovy-jenkins-serverless-quick-z7zqf:

{"level":"warn","ts":1556096801.4076226,"logger":"fallback-logger","caller":"logging/config.go:65","msg":"Fetch GitHub commit ID from kodata failed: \"ref: refs/heads/backport-container-name-fix\" is not a valid GitHub commit ID"}
{"level":"info","ts":1556096801.6615367,"logger":"fallback-logger","caller":"git-init/main.go:99","msg":"Successfully cloned \"https://github.com/lbaovy/jenkins-serverless-quickstart\" @ \"v0.0.1\" in path \"/workspace/source\""}
Step: build-step-place-tools:

Step: build-step-git-merge:

Warning failed to load version: failed to parse version -dev+9e73adc0b: No Major.Minor.Patch elements found
time="2019-04-24T09:07:51Z" level=info msg="got "
Using SHAs from PULL_REFS=master:
time="2019-04-24T09:07:51Z" level=warning msg="no SHAs to merge, falling back to initial cloned commit"
Step: build-step-setup-**-git-credentials:

Generated Git credentials file /workspace/xdg_config/git/credentials
Step: build-step-build-container-build:

[36mINFO[0m[0000] Downloading base image jenkinsxio/jenkinsx:0.0.43 
ERROR: logging before flag.Parse: E0424 09:07:56.092709      11 metadata.go:159] while reading 'google-dockercfg-url' metadata: http status code: 404 while fetching url http://metadata.google.internal./computeMetadata/v1/instance/attributes/google-dockercfg-url
ERROR: logging before flag.Parse: E0424 09:07:56.133612      11 metadata.go:142] while reading 'google-dockercfg' metadata: http status code: 404 while fetching url http://metadata.google.internal./computeMetadata/v1/instance/attributes/google-dockercfg
2019/04/24 09:07:56 No matching credentials were found, falling back on anonymous
[36mINFO[0m[0000] Error while retrieving image from cache: getting file info: stat /workspace/sha256:606384493cf478a906aa9e73daf83a96d51d40c87aba6631f6a961b036e7653d: no such file or directory 
[36mINFO[0m[0000] Downloading base image jenkinsxio/jenkinsx:0.0.43 
2019/04/24 09:07:56 No matching credentials were found, falling back on anonymous
[36mINFO[0m[0000] Executing 0 build triggers                   
[36mINFO[0m[0000] Using files from context: [/workspace/source/plugins.txt] 
[36mINFO[0m[0000] Checking for cached layer 10.3.240.243:5000/jenkins-x-238407/cache:be70219c30c4b0f287e76f771a06fe198a0b5849be7b4b98af0c3c3679d935f6... 
2019/04/24 09:07:57 No matching credentials were found, falling back on anonymous
[36mINFO[0m[0001] No cached layer found for cmd RUN /usr/local/bin/install-plugins.sh < /usr/share/jenkins/ref/myplugins.txt 
[36mINFO[0m[0001] Unpacking rootfs as cmd RUN /usr/local/bin/install-plugins.sh < /usr/share/jenkins/ref/myplugins.txt requires it. 
[36mINFO[0m[0012] Taking snapshot of full filesystem...        
[36mINFO[0m[0019] Using files from context: [/workspace/source/plugins.txt] 
[36mINFO[0m[0019] COPY plugins.txt /usr/share/jenkins/ref/myplugins.txt 
[36mINFO[0m[0019] Taking snapshot of files...                  
[36mINFO[0m[0019] RUN /usr/local/bin/install-plugins.sh < /usr/share/jenkins/ref/myplugins.txt 
[36mINFO[0m[0019] cmd: /bin/sh                                 
[36mINFO[0m[0019] args: [-c /usr/local/bin/install-plugins.sh < /usr/share/jenkins/ref/myplugins.txt] 
Creating initial locks...
Analyzing war...
Registering preinstalled plugins...
Using version-specific update center: https://updates.jenkins.io/2.150...
Downloading plugins...
Downloading plugin: greenballs from https://updates.jenkins.io/download/plugins/greenballs/1.15/greenballs.hpi

WAR bundled plugins:


Installed plugins:
ace-editor:1.1
ant:1.9
apache-httpcomponents-client-4-api:4.5.5-3.0
artifactory:2.16.2
authentication-tokens:1.3
blueocean-autofavorite:1.2.2
blueocean-bitbucket-pipeline:1.9.0
blueocean-commons:1.9.0
blueocean-config:1.9.0
blueocean-core-js:1.9.0
blueocean-dashboard:1.9.0
blueocean-display-url:2.2.0
blueocean-events:1.9.0
blueocean-git-pipeline:1.9.0
blueocean-github-pipeline:1.9.0
blueocean-i18n:1.9.0
blueocean-jira:1.9.0
blueocean-jwt:1.9.0
blueocean-personalization:1.9.0
blueocean-pipeline-api-impl:1.9.0
blueocean-pipeline-editor:1.9.0
blueocean-pipeline-scm-api:1.9.0
blueocean-rest-impl:1.9.0
blueocean-rest:1.9.0
blueocean-web:1.9.0
blueocean:1.9.0
bouncycastle-api:2.17
branch-api:2.1.2
cloudbees-bitbucket-branch-source:2.4.0
cloudbees-folder:6.7
command-launcher:1.2
config-file-provider:3.4.1
configuration-as-code:1.3
credentials-binding:1.17
credentials:2.1.18
display-url-api:2.3.0
docker-commons:1.13
docker-workflow:1.17
durable-task:1.28
favorite:2.3.2
git-client:2.7.4
git-server:1.7
git:3.9.1
gitea:1.0.8
github-api:1.95
github-branch-source:2.4.1
github:1.29.3
gitlab-plugin:1.5.11
gradle:1.29
greenballs:1.15
handlebars:1.1.1
handy-uri-templates-2-api:2.1.6-1.0
htmlpublisher:1.17
ivy:1.28
jackson2-api:2.9.8
javadoc:1.4
jenkins-design-language:1.9.0
jira:3.0.5
jquery-detached:1.2.1
jsch:0.1.54.2
junit:1.26.1
**-resources:1.0.24
kubernetes-credentials-provider:0.10
kubernetes-credentials:0.4.0
kubernetes:1.13.7
lockable-resources:2.3
mailer:1.22
matrix-project:1.13
maven-plugin:3.2
mercurial:2.4
metrics:4.0.2.2
momentjs:1.1.1
pipeline-build-step:2.7
pipeline-graph-analysis:1.9
pipeline-input-step:2.8
pipeline-milestone-step:1.3.1
pipeline-model-api:1.3.3
pipeline-model-declarative-agent:1.1.1
pipeline-model-definition:1.3.3
pipeline-model-extensions:1.3.3
pipeline-rest-api:2.10
pipeline-stage-step:2.3
pipeline-stage-tags-metadata:1.3.3
pipeline-stage-view:2.10
plain-credentials:1.4
pubsub-light:1.12
resource-disposer:0.12
scm-api:2.3.0
script-security:1.49
sse-gateway:1.16
ssh-credentials:1.14
structs:1.17
support-core:2.52
token-macro:2.5
variant:1.1
workflow-aggregator:2.6
workflow-api:2.33
workflow-basic-steps:2.13
workflow-cps-global-lib:2.12
workflow-cps:2.61
workflow-durable-task-step:2.26
workflow-job:2.30
workflow-multibranch:2.20
workflow-scm-step:2.7
workflow-step-api:2.17
workflow-support:2.23
ws-cleanup:0.36
Cleaning up locks
[36mINFO[0m[0022] Taking snapshot of full filesystem...        
[36mINFO[0m[0024] Pushing layer 10.3.240.243:5000/jenkins-x-238407/cache:be70219c30c4b0f287e76f771a06fe198a0b5849be7b4b98af0c3c3679d935f6 to cache now 
2019/04/24 09:08:20 pushed blob: sha256:97be11703f4f728b7e0b052cba39ae43910a82a18bd20f40eead22cfe754f45a
2019/04/24 09:08:20 pushed blob: sha256:2660f0cc5ae262dce4b068fae5623a19aa99d859a13dc6fb4f639cc24e6c533b
2019/04/24 09:08:20 10.3.240.243:5000/jenkins-x-238407/cache:be70219c30c4b0f287e76f771a06fe198a0b5849be7b4b98af0c3c3679d935f6: digest: sha256:6a030e50dcf19b7a6229f9fa058d18755bbe75605309cdf5443fcf63efdac65c size: 427
2019/04/24 09:08:20 pushed blob: sha256:1b7a66225588523e8011b623956a7f4d2ffd32c549855f225532ce917ce040ed
2019/04/24 09:08:20 pushed blob: sha256:5c2a2d9dec4717ad44d9fc56bf86b54f0adeef6dc4eba7a2a048a5cfed35fdf3
2019/04/24 09:08:20 pushed blob: sha256:2660f0cc5ae262dce4b068fae5623a19aa99d859a13dc6fb4f639cc24e6c533b
2019/04/24 09:08:20 pushed blob: sha256:2747e6c8d8199a7e6ecf647edcf44e82f73293fd8360901529a14f447f574f61
2019/04/24 09:08:20 pushed blob: sha256:deac9051b7388f7b01c1cf4a5d51eeab1f8e1fe307f64d395627ece2fdba9f71
2019/04/24 09:08:20 pushed blob: sha256:a3c027b2f9fb6001d8375a82fd75eedfa8bb86d364b31a6b6c0e1da1549a0e3e
2019/04/24 09:08:20 pushed blob: sha256:3665ad25ef383c06bd6f06320a2c23055e4601fb62737ab623295129d6a8cc34
2019/04/24 09:08:20 pushed blob: sha256:38f6dd39b85823bd8b7dedf55493b2571443143909aa32cecfcce74bf0280d18
2019/04/24 09:08:20 pushed blob: sha256:dbac173c1029141c329d94ba5905a5488390751b7d1bd1077029fa117f9a6e59
2019/04/24 09:08:20 pushed blob: sha256:82e1d004f30849390ed0f7fadbbefdd4a0c116d537d2f69ac1fee078c510be9e
2019/04/24 09:08:21 pushed blob: sha256:9cc3a2096311b93043dc9fa430f30d53e90840fc05dc8afaeede55b2567d5220
2019/04/24 09:08:21 pushed blob: sha256:4605281e072a26ab18534ee9b56b16520726f7166098697caebc7c41881e64eb
2019/04/24 09:08:21 pushed blob: sha256:756eeba3b1675e8c81588c35921ccc63296ec532776556aaea5cc739cbf57f1a
2019/04/24 09:08:21 pushed blob: sha256:35c66b68003d528ed32d7429fe63d2960ae496fa5f2f0f802c2111f1cfed0276
2019/04/24 09:08:21 pushed blob: sha256:812a6dcaec854931e31d0c88e7b77ef4e878486b681e7a1d5735f59f13900e32
2019/04/24 09:08:21 pushed blob: sha256:492e724a2ef48c628f4358ab5789096cbd74347f95a1cf4e5b758d400d3723df
2019/04/24 09:08:21 pushed blob: sha256:30d9dea4b0111d181c33805e3ed2ff9cc8651d029109c7f3a9ebea636ccdddce
2019/04/24 09:08:21 pushed blob: sha256:43e0730514ffad1a18c952b64cb142bc90d2fb8dae84958e7f4cbe0f45fc77fd
2019/04/24 09:08:21 pushed blob: sha256:73dae24989f4b7d5e9ffab8e282103fd96960a02525281093fac8c2fac3e3e35
2019/04/24 09:08:21 pushed blob: sha256:8a61e19ddca3712d892065e655ad1c8596d076e524b6024106207325f9ec017a
2019/04/24 09:08:21 pushed blob: sha256:04fd513cac7e4bcb5c4fa21a8b30fb234b9810c9666902c74ef928dacfb0d750
2019/04/24 09:08:21 pushed blob: sha256:73ce08fe35725d6c8aebc13da9fcd964c350db31609ee6c104a355cb66be9c99
2019/04/24 09:08:22 pushed blob: sha256:a5a6f2f73cd8abbdc55d0df0d8834f7262713e87d6c8800ea3851f103025e0f0
2019/04/24 09:08:22 pushed blob: sha256:bf691e1ca659eae6941500304d390feff5d00d2158ca95edf9dfb3838960009c
2019/04/24 09:08:22 pushed blob: sha256:13376592ef33a87170689fba7158355deb71e02150a1732c5aca8234e86e2890
2019/04/24 09:08:25 pushed blob: sha256:3c22fac40b66caf65eaefa65a5e2f8876e638cfa16a591a64670887bbb6a0540
2019/04/24 09:08:25 pushed blob: sha256:3a40bc726b4e46183d63528d45b4a4f0c7b628ea2b4ca572e28f780a79d073c1
2019/04/24 09:08:25 pushed blob: sha256:da10371a0dd3566855b31d7f06a01c5dd2a1a98f688259dda6545299ec5a0408
2019/04/24 09:08:25 10.3.240.243:5000/lbaovy/jenkins-serverless-quickstart:0.0.1: digest: sha256:4e4359c7637d2420f2bf611b4c3a6e59da8cf817648c067c6a487ac59f790dc5 size: 4634
Step: build-step-promote-changelog:

Converted /workspace/source to an unshallow repository
Generating change log from git ref 7bd94977e95967716fab09429b9a3acd17beed76 => 36e9dbdf8986781068095bdf3dcdc77243fb698d
WARNING: Failed to enrich commits with issues: User.jenkins.io "" is invalid: metadata.name: Required value: name or generateName is required
WARNING: Failed to enrich commits with issues: User.jenkins.io "" is invalid: metadata.name: Required value: name or generateName is required
Finding issues in commit messages using git format
WARNING: No release found for lbaovy/jenkins-serverless-quickstart and tag v0.0.1 so creating a new release
Updated the release information at https://github.com/lbaovy/jenkins-serverless-quickstart/releases/tag/v0.0.1
generated: /workspace/source/templates/release.yaml
Created Release jenkins-serverless-quickstart-0-0-1 resource in namespace **
Updating PipelineActivity lbaovy-jenkins-serverless-quickstart-master-1 with version 0.0.1
Updated PipelineActivities lbaovy-jenkins-serverless-quickstart-master-1 with release notes URL: https://github.com/lbaovy/jenkins-serverless-quickstart/releases/tag/v0.0.1
